<?xml version="1.0" encoding="UTF-8"?>
<!-- Generated by org.testng.reporters.JUnitReportReporter -->
<testsuite hostname="LAPTOP-EHFD1NS5" failures="0" tests="1" name="storetest.MyStoreTest" time="13.764" errors="0" timestamp="2022-04-21T11:17:43 IST" skipped="0">
  <testcase classname="storetest.MyStoreTest" name="tc01" time="13.764"/>
  <system-out/>
</testsuite> <!-- storetest.MyStoreTest -->
